15:01:18.203 INFO - Launching a standalone Selenium Server
15:01:18.252 INFO - Java: Oracle Corporation 25.111-b14
15:01:18.252 INFO - OS: Linux 3.13.0-101-generic amd64
15:01:18.288 INFO - v2.53.0, with Core v2.53.0. Built from revision 35ae25b
15:01:18.415 INFO - Driver provider org.openqa.selenium.ie.InternetExplorerDriver registration is skipped:
registration capabilities Capabilities [{ensureCleanSession=true, browserName=internet explorer, version=, platform=WINDOWS}] does not match the current platform LINUX
15:01:18.415 INFO - Driver provider org.openqa.selenium.edge.EdgeDriver registration is skipped:
registration capabilities Capabilities [{browserName=MicrosoftEdge, version=, platform=WINDOWS}] does not match the current platform LINUX
15:01:18.416 INFO - Driver class not found: com.opera.core.systems.OperaDriver
15:01:18.416 INFO - Driver provider com.opera.core.systems.OperaDriver is not registered
15:01:18.418 INFO - Driver provider org.openqa.selenium.safari.SafariDriver registration is skipped:
registration capabilities Capabilities [{browserName=safari, version=, platform=MAC}] does not match the current platform LINUX
15:01:18.419 INFO - Driver class not found: org.openqa.selenium.htmlunit.HtmlUnitDriver
15:01:18.420 INFO - Driver provider org.openqa.selenium.htmlunit.HtmlUnitDriver is not registered
15:01:18.505 INFO - RemoteWebDriver instances should connect to: http://127.0.0.1:4444/wd/hub
15:01:18.505 INFO - Selenium Server is up and running
15:01:18.552 INFO - Command request: getLogMessages[, ] on session null
15:01:18.553 INFO - Got result: OK, on session null
15:01:18.557 INFO - Command request: getLogMessages[, ] on session null
15:01:18.557 INFO - Got result: OK, on session null
